<?xml version="1.0" encoding="UTF-8"?>
<!-- Generated by org.testng.reporters.JUnitXMLReporter -->
<testsuite hostname="LAPTOP-A2B6134E" name="Default test" tests="3" failures="0" timestamp="22 Sep 2018 15:47:57 GMT" time="12.057" errors="0">
  <testcase name="addAddress" time="3.466" classname="com.test_address.TestAddressBook"/>
  <testcase name="editadd" time="1.648" classname="com.test_address.TestAddressBook"/>
  <testcase name="test" time="0.02" classname="com.test_address.TestAddressBook"/>
</testsuite> <!-- Default test -->
