<?xml version="1.0" encoding="UTF-8"?>
<testng-results skipped="0" failed="0" total="3" passed="3">
  <reporter-output>
  </reporter-output>
  <suite name="Default suite" duration-ms="12057" started-at="2018-09-22T15:47:45Z" finished-at="2018-09-22T15:47:57Z">
    <groups>
    </groups>
    <test name="Default test" duration-ms="12057" started-at="2018-09-22T15:47:45Z" finished-at="2018-09-22T15:47:57Z">
      <class name="com.test_address.TestAddressBook">
        <test-method status="PASS" signature="doBefore()[pri:0, instance:com.test_address.TestAddressBook@643b1d11]" name="doBefore" is-config="true" duration-ms="6898" started-at="2018-09-22T10:47:45Z" finished-at="2018-09-22T10:47:52Z">
          <reporter-output>
          </reporter-output>
        </test-method> <!-- doBefore -->
        <test-method status="PASS" signature="addAddress()[pri:0, instance:com.test_address.TestAddressBook@643b1d11]" name="addAddress" duration-ms="3466" started-at="2018-09-22T10:47:52Z" finished-at="2018-09-22T10:47:55Z">
          <reporter-output>
          </reporter-output>
        </test-method> <!-- addAddress -->
        <test-method status="PASS" signature="editadd()[pri:0, instance:com.test_address.TestAddressBook@643b1d11]" name="editadd" duration-ms="1648" started-at="2018-09-22T10:47:55Z" finished-at="2018-09-22T10:47:57Z">
          <reporter-output>
          </reporter-output>
        </test-method> <!-- editadd -->
        <test-method status="PASS" signature="test()[pri:0, instance:com.test_address.TestAddressBook@643b1d11]" name="test" duration-ms="20" started-at="2018-09-22T10:47:57Z" finished-at="2018-09-22T10:47:57Z">
          <reporter-output>
          </reporter-output>
        </test-method> <!-- test -->
        <test-method status="PASS" signature="doAfter()[pri:0, instance:com.test_address.TestAddressBook@643b1d11]" name="doAfter" is-config="true" duration-ms="0" started-at="2018-09-22T10:47:57Z" finished-at="2018-09-22T10:47:57Z">
          <reporter-output>
          </reporter-output>
        </test-method> <!-- doAfter -->
      </class> <!-- com.test_address.TestAddressBook -->
    </test> <!-- Default test -->
  </suite> <!-- Default suite -->
</testng-results>
